test10.cgi: [2017-04-21 03:26:28.188 Debug] #748: [webUtils.initialization] done.
test10.cgi: [2017-04-21 03:26:28.189 Debug] #181: [main.writeContent] done.
test10.cgi: [2017-04-21 03:26:28.189 Debug] #754: [webUtils.finalization] done.
test10.cgi: [2017-04-21 03:26:31.025 Debug] #748: [webUtils.initialization] done.
test10.cgi: [2017-04-21 03:26:31.026 Debug] #60: @saveWebData saved = {A28DC434-9DFF-4806-980B-B08DC5594730}:input_1=&input_2=&input_3=true&input_4=&input_5=clicked&last=42846.1434146528|
test10.cgi: [2017-04-21 03:26:31.026 Debug] #181: [main.writeContent] done.
test10.cgi: [2017-04-21 03:26:31.026 Debug] #754: [webUtils.finalization] done.
test10.cgi: [2017-04-21 03:30:44.073 Debug] #748: [webUtils.initialization] done.
test10.cgi: [2017-04-21 03:30:44.073 Debug] #181: [main.writeContent] done.
test10.cgi: [2017-04-21 03:30:44.073 Debug] #754: [webUtils.finalization] done.
test9.cgi: [2017-04-21 10:35:04.942 Debug] #748: [webUtils.initialization] done.
test9.cgi: [2017-04-21 10:35:04.943 Debug] #168: [main.writeContent] done.
test9.cgi: [2017-04-21 10:35:04.943 Debug] #754: [webUtils.finalization] done.
test9.cgi: [2017-04-21 10:35:16.967 Debug] #748: [webUtils.initialization] done.
test9.cgi: [2017-04-21 10:35:16.968 Debug] #168: [main.writeContent] done.
test9.cgi: [2017-04-21 10:35:16.968 Debug] #754: [webUtils.finalization] done.
test9.cgi: [2017-04-21 10:39:23.468 Debug] #748: [webUtils.initialization] done.
test9.cgi: [2017-04-21 10:39:23.468 Debug] #106: @showWebData saved = input_1=&input_2=&input_3=true&input_4=&input_5=clicked
test9.cgi: [2017-04-21 10:39:23.468 Debug] #168: [main.writeContent] done.
test9.cgi: [2017-04-21 10:39:23.469 Debug] #754: [webUtils.finalization] done.
test9.cgi: [2017-04-21 10:40:09.926 Debug] #748: [webUtils.initialization] done.
test9.cgi: [2017-04-21 10:40:09.926 Debug] #168: [main.writeContent] done.
test9.cgi: [2017-04-21 10:40:09.926 Debug] #754: [webUtils.finalization] done.
test10.cgi: [2017-04-21 10:40:39.874 Debug] #748: [webUtils.initialization] done.
test10.cgi: [2017-04-21 10:40:39.874 Debug] #181: [main.writeContent] done.
test10.cgi: [2017-04-21 10:40:39.874 Debug] #754: [webUtils.finalization] done.
test9.cgi: [2017-04-21 11:02:36.670 Debug] #748: [webUtils.initialization] done.
test9.cgi: [2017-04-21 11:02:36.670 Debug] #168: [main.writeContent] done.
test9.cgi: [2017-04-21 11:02:36.670 Debug] #754: [webUtils.finalization] done.
test9.cgi: [2017-04-21 11:02:41.111 Debug] #748: [webUtils.initialization] done.
test9.cgi: [2017-04-21 11:02:41.111 Debug] #106: @showWebData saved = input_1=qwertyuiop&input_2=1234&input_3=true&input_4=asdfghjkl%3B&input_5=clicked
test9.cgi: [2017-04-21 11:02:41.111 Debug] #168: [main.writeContent] done.
test9.cgi: [2017-04-21 11:02:41.111 Debug] #754: [webUtils.finalization] done.
test9.cgi: [2017-04-21 11:02:54.242 Debug] #748: [webUtils.initialization] done.
test9.cgi: [2017-04-21 11:02:54.242 Debug] #106: @showWebData saved = input_1=qwertyuiop&input_2=1234&input_3=true&input_4=asdfghjkl%3B&input_5=clicked
test9.cgi: [2017-04-21 11:02:54.243 Debug] #168: [main.writeContent] done.
test9.cgi: [2017-04-21 11:02:54.243 Debug] #754: [webUtils.finalization] done.
test9.cgi: [2017-04-21 11:03:11.715 Debug] #748: [webUtils.initialization] done.
test9.cgi: [2017-04-21 11:03:11.715 Debug] #106: @showWebData saved = input_1=qwertyuiop&input_2=1234&input_3=true&input_4=asdfghjkl%3B&input_5=clicked
test9.cgi: [2017-04-21 11:03:11.715 Debug] #168: [main.writeContent] done.
test9.cgi: [2017-04-21 11:03:11.715 Debug] #754: [webUtils.finalization] done.
test8.cgi: [2017-04-22 00:15:42.893 Debug] #703: [webUtils.initialization] done.
test8.cgi: [2017-04-22 00:15:42.896 Debug] #66: @getValue input_1 = 
test8.cgi: [2017-04-22 00:15:42.896 Debug] #47: @httpDecode  ⇒ 
test8.cgi: [2017-04-22 00:15:42.896 Debug] #15: @htmlEncode  ⇒ 
test8.cgi: [2017-04-22 00:15:42.896 Debug] #66: @getValue input_2 = 
test8.cgi: [2017-04-22 00:15:42.896 Debug] #66: @getValue input_3 = 
test8.cgi: [2017-04-22 00:15:42.896 Debug] #66: @getValue input_4 = 
test8.cgi: [2017-04-22 00:15:42.896 Debug] #47: @httpDecode  ⇒ 
test8.cgi: [2017-04-22 00:15:42.896 Debug] #15: @htmlEncode  ⇒ 
test8.cgi: [2017-04-22 00:15:42.896 Debug] #162: [main.writeContent] done.
test8.cgi: [2017-04-22 00:15:42.896 Debug] #709: [webUtils.finalization] done.
test8.cgi: [2017-04-22 00:15:54.360 Debug] #703: [webUtils.initialization] done.
test8.cgi: [2017-04-22 00:15:54.360 Debug] #66: @getValue input_1 = asdf
test8.cgi: [2017-04-22 00:15:54.360 Debug] #47: @httpDecode asdf ⇒ asdf
test8.cgi: [2017-04-22 00:15:54.360 Debug] #15: @htmlEncode asdf ⇒ asdf
test8.cgi: [2017-04-22 00:15:54.360 Debug] #66: @getValue input_2 = 1234
test8.cgi: [2017-04-22 00:15:54.360 Debug] #66: @getValue input_3 = true
test8.cgi: [2017-04-22 00:15:54.360 Debug] #66: @getValue input_4 = dklfjasd
test8.cgi: [2017-04-22 00:15:54.360 Debug] #47: @httpDecode dklfjasd ⇒ dklfjasd
test8.cgi: [2017-04-22 00:15:54.360 Debug] #15: @htmlEncode dklfjasd ⇒ dklfjasd
test8.cgi: [2017-04-22 00:15:54.360 Debug] #162: [main.writeContent] done.
test8.cgi: [2017-04-22 00:15:54.360 Debug] #709: [webUtils.finalization] done.
test8.cgi: [2017-04-22 00:15:57.407 Debug] #703: [webUtils.initialization] done.
test8.cgi: [2017-04-22 00:15:57.407 Debug] #66: @getValue input_1 = 
test8.cgi: [2017-04-22 00:15:57.407 Debug] #47: @httpDecode  ⇒ 
test8.cgi: [2017-04-22 00:15:57.407 Debug] #15: @htmlEncode  ⇒ 
test8.cgi: [2017-04-22 00:15:57.407 Debug] #66: @getValue input_2 = 
test8.cgi: [2017-04-22 00:15:57.407 Debug] #66: @getValue input_3 = 
test8.cgi: [2017-04-22 00:15:57.407 Debug] #66: @getValue input_4 = 
test8.cgi: [2017-04-22 00:15:57.407 Debug] #47: @httpDecode  ⇒ 
test8.cgi: [2017-04-22 00:15:57.407 Debug] #15: @htmlEncode  ⇒ 
test8.cgi: [2017-04-22 00:15:57.407 Debug] #162: [main.writeContent] done.
test8.cgi: [2017-04-22 00:15:57.407 Debug] #709: [webUtils.finalization] done.
test8.cgi: [2017-04-22 00:17:01.684 Debug] #703: [webUtils.initialization] done.
test8.cgi: [2017-04-22 00:17:01.684 Debug] #66: @getValue input_1 = asfd
test8.cgi: [2017-04-22 00:17:01.684 Debug] #47: @httpDecode asfd ⇒ asfd
test8.cgi: [2017-04-22 00:17:01.684 Debug] #15: @htmlEncode asfd ⇒ asfd
test8.cgi: [2017-04-22 00:17:01.684 Debug] #66: @getValue input_2 = 34123
test8.cgi: [2017-04-22 00:17:01.684 Debug] #66: @getValue input_3 = true
test8.cgi: [2017-04-22 00:17:01.684 Debug] #66: @getValue input_4 = ds%3Bfkajs
test8.cgi: [2017-04-22 00:17:01.684 Debug] #47: @httpDecode ds%3Bfkajs ⇒ ds;fkajs
test8.cgi: [2017-04-22 00:17:01.684 Debug] #15: @htmlEncode ds;fkajs ⇒ ds;fkajs
test8.cgi: [2017-04-22 00:17:01.684 Debug] #162: [main.writeContent] done.
test8.cgi: [2017-04-22 00:17:01.684 Debug] #709: [webUtils.finalization] done.
test9.cgi: [2017-04-22 00:35:57.247 Debug] #748: [webUtils.initialization] done.
test9.cgi: [2017-04-22 00:35:57.248 Debug] #168: [main.writeContent] done.
test9.cgi: [2017-04-22 00:35:57.248 Debug] #754: [webUtils.finalization] done.
test9.cgi: [2017-04-22 00:37:04.603 Debug] #748: [webUtils.initialization] done.
test9.cgi: [2017-04-22 00:37:04.604 Debug] #106: @showWebData saved = 
test9.cgi: [2017-04-22 00:37:04.604 Debug] #168: [main.writeContent] done.
test9.cgi: [2017-04-22 00:37:04.604 Debug] #754: [webUtils.finalization] done.
test9.cgi: [2017-04-22 00:38:43.417 Debug] #748: [webUtils.initialization] done.
test9.cgi: [2017-04-22 00:38:43.417 Debug] #170: [main.writeContent] done.
test9.cgi: [2017-04-22 00:38:43.417 Debug] #754: [webUtils.finalization] done.
test9.cgi: [2017-04-22 00:39:50.225 Debug] #748: [webUtils.initialization] done.
test9.cgi: [2017-04-22 00:39:50.225 Debug] #108: @showWebData saved = 
test9.cgi: [2017-04-22 00:39:50.225 Debug] #170: [main.writeContent] done.
test9.cgi: [2017-04-22 00:39:50.225 Debug] #754: [webUtils.finalization] done.
test9.cgi: [2017-04-22 00:41:47.618 Debug] #748: [webUtils.initialization] done.
test9.cgi: [2017-04-22 00:41:47.618 Debug] #108: @showWebData saved = 
test9.cgi: [2017-04-22 00:41:47.618 Debug] #170: [main.writeContent] done.
test9.cgi: [2017-04-22 00:41:47.618 Debug] #754: [webUtils.finalization] done.
test9.cgi: [2017-04-22 00:48:36.344 Debug] #748: [webUtils.initialization] done.
test9.cgi: [2017-04-22 00:48:36.344 Debug] #170: [main.writeContent] done.
test9.cgi: [2017-04-22 00:48:36.344 Debug] #754: [webUtils.finalization] done.
test9.cgi: [2017-04-23 00:18:54.716 Debug] #758: [webUtils.initialization] done.
test9.cgi: [2017-04-23 00:18:54.720 Debug] #170: [main.writeContent] done.
test9.cgi: [2017-04-23 00:18:54.720 Debug] #764: [webUtils.finalization] done.
test9.cgi: [2017-04-23 00:19:08.924 Debug] #758: [webUtils.initialization] done.
test9.cgi: [2017-04-23 00:19:08.924 Debug] #108: @showWebData saved = 
test9.cgi: [2017-04-23 00:19:08.924 Debug] #170: [main.writeContent] done.
test9.cgi: [2017-04-23 00:19:08.924 Debug] #764: [webUtils.finalization] done.
test9.cgi: [2017-04-23 00:19:57.386 Debug] #758: [webUtils.initialization] done.
test9.cgi: [2017-04-23 00:19:57.386 Debug] #108: @showWebData saved = 
test9.cgi: [2017-04-23 00:19:57.387 Debug] #170: [main.writeContent] done.
test9.cgi: [2017-04-23 00:19:57.387 Debug] #764: [webUtils.finalization] done.
test10.cgi: [2017-04-23 00:34:22.269 Debug] #758: [webUtils.initialization] done.
test10.cgi: [2017-04-23 00:34:22.271 Debug] #181: [main.writeContent] done.
test10.cgi: [2017-04-23 00:34:22.271 Debug] #764: [webUtils.finalization] done.
test10.cgi: [2017-04-23 00:34:31.684 Debug] #758: [webUtils.initialization] done.
test10.cgi: [2017-04-23 00:34:31.685 Debug] #60: @saveWebData saved = {4F709763-B446-4D8C-8B88-244780D7AFBF}:input_1=abd&input_2=123&input_3=true&input_4=test&input_5=clicked&last=42848.0239778356|
test10.cgi: [2017-04-23 00:34:31.685 Debug] #181: [main.writeContent] done.
test10.cgi: [2017-04-23 00:34:31.685 Debug] #764: [webUtils.finalization] done.
test10.cgi: [2017-04-23 00:35:32.876 Debug] #758: [webUtils.initialization] done.
test10.cgi: [2017-04-23 00:35:32.876 Debug] #181: [main.writeContent] done.
test10.cgi: [2017-04-23 00:35:32.876 Debug] #764: [webUtils.finalization] done.
test10.cgi: [2017-04-23 00:35:54.660 Debug] #758: [webUtils.initialization] done.
test10.cgi: [2017-04-23 00:35:54.661 Debug] #181: [main.writeContent] done.
test10.cgi: [2017-04-23 00:35:54.661 Debug] #764: [webUtils.finalization] done.
test10.cgi: [2017-04-23 00:36:11.207 Debug] #758: [webUtils.initialization] done.
test10.cgi: [2017-04-23 00:36:11.207 Debug] #181: [main.writeContent] done.
test10.cgi: [2017-04-23 00:36:11.207 Debug] #764: [webUtils.finalization] done.
test10.cgi: [2017-04-23 00:36:55.970 Debug] #758: [webUtils.initialization] done.
test10.cgi: [2017-04-23 00:36:55.970 Debug] #60: @saveWebData saved = {4F709763-B446-4D8C-8B88-244780D7AFBF}:input_1=abc&input_2=123&input_3=true&input_4=test&input_5=clicked&last=42848.0256478009|
test10.cgi: [2017-04-23 00:36:55.970 Debug] #181: [main.writeContent] done.
test10.cgi: [2017-04-23 00:36:55.970 Debug] #764: [webUtils.finalization] done.
test10.cgi: [2017-04-23 00:37:13.989 Debug] #758: [webUtils.initialization] done.
test10.cgi: [2017-04-23 00:37:13.989 Debug] #60: @saveWebData saved = {4F709763-B446-4D8C-8B88-244780D7AFBF}:input_1=abc&input_2=123&input_3=true&input_4=test+lagi&input_5=clicked&last=42848.0258563542|
test10.cgi: [2017-04-23 00:37:13.989 Debug] #181: [main.writeContent] done.
test10.cgi: [2017-04-23 00:37:13.989 Debug] #764: [webUtils.finalization] done.
test10.cgi: [2017-04-23 00:37:24.440 Debug] #758: [webUtils.initialization] done.
test10.cgi: [2017-04-23 00:37:24.440 Debug] #181: [main.writeContent] done.
test10.cgi: [2017-04-23 00:37:24.440 Debug] #764: [webUtils.finalization] done.
test10.cgi: [2017-04-23 00:37:41.884 Debug] #758: [webUtils.initialization] done.
test10.cgi: [2017-04-23 00:37:41.884 Debug] #60: @saveWebData saved = {4F709763-B446-4D8C-8B88-244780D7AFBF}:input_1=abc&input_2=123&input_3=true&input_4=test+lagi&input_5=clicked&last=42848.0258563542|{6F5C0FC1-E773-4B43-AAB2-7592096CF094}:input_1=uiop&input_2=890&input_3=true&input_4=another+test&input_5=clicked&last=42848.026179213|
test10.cgi: [2017-04-23 00:37:41.884 Debug] #181: [main.writeContent] done.
test10.cgi: [2017-04-23 00:37:41.884 Debug] #764: [webUtils.finalization] done.
test10.cgi: [2017-04-23 00:40:38.224 Debug] #758: [webUtils.initialization] done.
test10.cgi: [2017-04-23 00:40:38.225 Debug] #181: [main.writeContent] done.
test10.cgi: [2017-04-23 00:40:38.229 Debug] #764: [webUtils.finalization] done.
test10.cgi: [2017-04-23 00:41:06.151 Debug] #758: [webUtils.initialization] done.
test10.cgi: [2017-04-23 00:41:06.151 Debug] #60: @saveWebData saved = {4F709763-B446-4D8C-8B88-244780D7AFBF}:input_1=abc&input_2=123&input_3=true&input_4=test+lagi&input_5=clicked&last=42848.0258563542|{6F5C0FC1-E773-4B43-AAB2-7592096CF094}:input_1=uiop&input_2=890&input_3=true&input_4=another+test&input_5=clicked&last=42848.026179213|{83DCECA2-61DC-4DA2-BE89-A608C58823E6}:input_1=string&input_2=12345&input_3=true&input_4=this+is+another+test&input_5=clicked&last=42848.0285434144|
test10.cgi: [2017-04-23 00:41:06.151 Debug] #181: [main.writeContent] done.
test10.cgi: [2017-04-23 00:41:06.151 Debug] #764: [webUtils.finalization] done.
test10.cgi: [2017-04-23 02:19:05.833 Debug] #758: [webUtils.initialization] done.
test10.cgi: [2017-04-23 02:19:05.834 Debug] #181: [main.writeContent] done.
test10.cgi: [2017-04-23 02:19:05.834 Debug] #764: [webUtils.finalization] done.
test10.cgi: [2017-04-23 02:19:09.566 Debug] #758: [webUtils.initialization] done.
test10.cgi: [2017-04-23 02:19:09.567 Debug] #60: @saveWebData saved = {6F5C0FC1-E773-4B43-AAB2-7592096CF094}:input_1=uiop&input_2=890&input_3=true&input_4=another+test&input_5=clicked&last=42848.026179213|{83DCECA2-61DC-4DA2-BE89-A608C58823E6}:input_1=string&input_2=12345&input_3=true&input_4=this+is+another+test&input_5=clicked&last=42848.0285434144|{4F709763-B446-4D8C-8B88-244780D7AFBF}:input_1=abc&input_2=123&input_3=true&input_4=test+lagi&input_5=clicked&last=42848.0966385069|
test10.cgi: [2017-04-23 02:19:09.567 Debug] #181: [main.writeContent] done.
test10.cgi: [2017-04-23 02:19:09.567 Debug] #764: [webUtils.finalization] done.
test10.cgi: [2017-04-23 02:50:01.518 Debug] #758: [webUtils.initialization] done.
test10.cgi: [2017-04-23 02:50:01.518 Debug] #183: [main.writeContent] done.
test10.cgi: [2017-04-23 02:50:01.518 Debug] #764: [webUtils.finalization] done.
test10.cgi: [2017-04-23 02:50:30.904 Debug] #758: [webUtils.initialization] done.
test10.cgi: [2017-04-23 02:50:30.904 Debug] #183: [main.writeContent] done.
test10.cgi: [2017-04-23 02:50:30.904 Debug] #764: [webUtils.finalization] done.
test10.cgi: [2017-04-23 02:50:37.601 Debug] #758: [webUtils.initialization] done.
test10.cgi: [2017-04-23 02:50:37.602 Debug] #183: [main.writeContent] done.
test10.cgi: [2017-04-23 02:50:37.602 Debug] #764: [webUtils.finalization] done.
test10.cgi: [2017-04-23 02:51:19.736 Debug] #758: [webUtils.initialization] done.
test10.cgi: [2017-04-23 02:51:19.736 Debug] #183: [main.writeContent] done.
test10.cgi: [2017-04-23 02:51:19.736 Debug] #764: [webUtils.finalization] done.
test10.cgi: [2017-04-23 02:51:28.825 Debug] #758: [webUtils.initialization] done.
test10.cgi: [2017-04-23 02:51:28.825 Debug] #60: @saveWebData saved = {6F5C0FC1-E773-4B43-AAB2-7592096CF094}:input_1=abc&input_2=123&input_3=true&input_4=test&input_5=clicked&last=42848.1190836227|
test10.cgi: [2017-04-23 02:51:28.825 Debug] #183: [main.writeContent] done.
test10.cgi: [2017-04-23 02:51:28.825 Debug] #764: [webUtils.finalization] done.
test10.cgi: [2017-04-23 03:07:23.772 Debug] #758: [webUtils.initialization] done.
test10.cgi: [2017-04-23 03:07:23.773 Debug] #183: [main.writeContent] done.
test10.cgi: [2017-04-23 03:07:23.773 Debug] #764: [webUtils.finalization] done.
test10.cgi: [2017-04-23 03:07:31.485 Debug] #758: [webUtils.initialization] done.
test10.cgi: [2017-04-23 03:07:31.486 Debug] #60: @saveWebData saved = {6F5C0FC1-E773-4B43-AAB2-7592096CF094}:input_1=abc&input_2=123&input_3=true&input_4=test&input_5=clicked&last=42848.1190836227|{E1AAD699-045B-4C7E-8299-E95159BAB761}:input_1=dfa&input_2=132&input_3=true&input_4=sdfkaj&input_5=clicked&last=42848.1302255208|
test10.cgi: [2017-04-23 03:07:31.486 Debug] #183: [main.writeContent] done.
test10.cgi: [2017-04-23 03:07:31.486 Debug] #764: [webUtils.finalization] done.
test10.cgi: [2017-04-23 03:07:39.363 Debug] #758: [webUtils.initialization] done.
test10.cgi: [2017-04-23 03:07:39.363 Debug] #183: [main.writeContent] done.
test10.cgi: [2017-04-23 03:07:39.363 Debug] #764: [webUtils.finalization] done.
test10.cgi: [2017-04-23 03:07:51.442 Debug] #758: [webUtils.initialization] done.
test10.cgi: [2017-04-23 03:07:51.442 Debug] #60: @saveWebData saved = {6F5C0FC1-E773-4B43-AAB2-7592096CF094}:input_1=abc&input_2=123&input_3=true&input_4=test&input_5=clicked&last=42848.1190836227|{E1AAD699-045B-4C7E-8299-E95159BAB761}:input_1=dfa&input_2=132&input_3=true&input_4=sdfkaj&input_5=clicked&last=42848.1302255208|{4F709763-B446-4D8C-8B88-244780D7AFBF}:input_1=ljk&input_2=987&input_3=true&input_4=%2Cvxdkfs&input_5=clicked&last=42848.1304565046|
test10.cgi: [2017-04-23 03:07:51.442 Debug] #183: [main.writeContent] done.
test10.cgi: [2017-04-23 03:07:51.442 Debug] #764: [webUtils.finalization] done.
test10.cgi: [2017-04-23 03:07:58.960 Debug] #758: [webUtils.initialization] done.
test10.cgi: [2017-04-23 03:07:58.961 Debug] #183: [main.writeContent] done.
test10.cgi: [2017-04-23 03:07:58.961 Debug] #764: [webUtils.finalization] done.
test10.cgi: [2017-04-23 03:08:01.423 Debug] #758: [webUtils.initialization] done.
test10.cgi: [2017-04-23 03:08:01.424 Debug] #60: @saveWebData saved = {E1AAD699-045B-4C7E-8299-E95159BAB761}:input_1=dfa&input_2=132&input_3=true&input_4=sdfkaj&input_5=clicked&last=42848.1302255208|{4F709763-B446-4D8C-8B88-244780D7AFBF}:input_1=ljk&input_2=987&input_3=true&input_4=%2Cvxdkfs&input_5=clicked&last=42848.1304565046|{6F5C0FC1-E773-4B43-AAB2-7592096CF094}:input_1=abc&input_2=123&input_3=true&input_4=test&input_5=clicked&last=42848.130572037|
test10.cgi: [2017-04-23 03:08:01.424 Debug] #183: [main.writeContent] done.
test10.cgi: [2017-04-23 03:08:01.424 Debug] #764: [webUtils.finalization] done.
test10.cgi: [2017-04-23 03:14:33.185 Debug] #758: [webUtils.initialization] done.
test10.cgi: [2017-04-23 03:14:33.185 Debug] #183: [main.writeContent] done.
test10.cgi: [2017-04-23 03:14:33.185 Debug] #764: [webUtils.finalization] done.
test10.cgi: [2017-04-23 03:14:39.894 Debug] #758: [webUtils.initialization] done.
test10.cgi: [2017-04-23 03:14:39.894 Debug] #183: [main.writeContent] done.
test10.cgi: [2017-04-23 03:14:39.894 Debug] #764: [webUtils.finalization] done.
test10.cgi: [2017-04-23 03:14:52.563 Debug] #758: [webUtils.initialization] done.
test10.cgi: [2017-04-23 03:14:52.563 Debug] #60: @saveWebData saved = {4F709763-B446-4D8C-8B88-244780D7AFBF}:input_1=dlfak&input_2=372&input_3=true&input_4=dskfajs&input_5=clicked&last=42848.1353305903|
test10.cgi: [2017-04-23 03:14:52.563 Debug] #183: [main.writeContent] done.
test10.cgi: [2017-04-23 03:14:52.563 Debug] #764: [webUtils.finalization] done.
test10.cgi: [2017-04-23 03:15:11.607 Debug] #758: [webUtils.initialization] done.
test10.cgi: [2017-04-23 03:15:11.608 Debug] #183: [main.writeContent] done.
test10.cgi: [2017-04-23 03:15:11.608 Debug] #764: [webUtils.finalization] done.
test10.cgi: [2017-04-23 03:15:16.651 Debug] #758: [webUtils.initialization] done.
test10.cgi: [2017-04-23 03:15:16.651 Debug] #60: @saveWebData saved = {6F5C0FC1-E773-4B43-AAB2-7592096CF094}:input_1=&input_2=&input_3=true&input_4=&input_5=clicked&last=42848.1356093866|
test10.cgi: [2017-04-23 03:15:16.652 Debug] #183: [main.writeContent] done.
test10.cgi: [2017-04-23 03:15:16.652 Debug] #764: [webUtils.finalization] done.
test10.cgi: [2017-04-23 03:15:20.994 Debug] #758: [webUtils.initialization] done.
test10.cgi: [2017-04-23 03:15:20.994 Debug] #60: @saveWebData saved = {6F5C0FC1-E773-4B43-AAB2-7592096CF094}:input_1=&input_2=&input_3=true&input_4=&input_5=clicked&last=42848.1356093866|{4F709763-B446-4D8C-8B88-244780D7AFBF}:input_1=&input_2=&input_4=dsfdsa&input_5=clicked&last=42848.1356596528|
test10.cgi: [2017-04-23 03:15:20.994 Debug] #183: [main.writeContent] done.
test10.cgi: [2017-04-23 03:15:20.994 Debug] #764: [webUtils.finalization] done.
test10.cgi: [2017-04-23 03:15:27.062 Debug] #758: [webUtils.initialization] done.
test10.cgi: [2017-04-23 03:15:27.063 Debug] #183: [main.writeContent] done.
test10.cgi: [2017-04-23 03:15:27.063 Debug] #764: [webUtils.finalization] done.
test10.cgi: [2017-04-23 03:20:30.000 Debug] #758: [webUtils.initialization] done.
test10.cgi: [2017-04-23 03:20:30.000 Debug] #183: [main.writeContent] done.
test10.cgi: [2017-04-23 03:20:30.000 Debug] #764: [webUtils.finalization] done.
test10.cgi: [2017-04-23 03:20:34.456 Debug] #758: [webUtils.initialization] done.
test10.cgi: [2017-04-23 03:20:34.456 Debug] #183: [main.writeContent] done.
test10.cgi: [2017-04-23 03:20:34.456 Debug] #764: [webUtils.finalization] done.
test10.cgi: [2017-04-23 04:02:45.968 Debug] #758: [webUtils.initialization] done.
test10.cgi: [2017-04-23 04:02:45.969 Debug] #183: [main.writeContent] done.
test10.cgi: [2017-04-23 04:02:45.969 Debug] #764: [webUtils.finalization] done.
test10.cgi: [2017-04-23 04:02:49.954 Debug] #758: [webUtils.initialization] done.
test10.cgi: [2017-04-23 04:02:49.955 Debug] #60: @saveWebData saved = {1F9ACD4C-AD3D-48F9-ABD9-1CBA050B9DB6}:input_1=&input_2=&input_3=true&input_4=&input_5=clicked&last=42848.1686337384|
test10.cgi: [2017-04-23 04:02:49.955 Debug] #183: [main.writeContent] done.
test10.cgi: [2017-04-23 04:02:49.955 Debug] #764: [webUtils.finalization] done.
test10.cgi: [2017-04-23 04:03:00.534 Debug] #758: [webUtils.initialization] done.
test10.cgi: [2017-04-23 04:03:00.535 Debug] #60: @saveWebData saved = {1F9ACD4C-AD3D-48F9-ABD9-1CBA050B9DB6}:input_1=dkfjshd&input_2=3242&input_3=true&input_4=djfsakd+kldjfldsa+jfldas&input_5=clicked&last=42848.1687561921|
test10.cgi: [2017-04-23 04:03:00.535 Debug] #183: [main.writeContent] done.
test10.cgi: [2017-04-23 04:03:00.535 Debug] #764: [webUtils.finalization] done.
test10.cgi: [2017-04-23 04:03:16.035 Debug] #758: [webUtils.initialization] done.
test10.cgi: [2017-04-23 04:03:16.036 Debug] #183: [main.writeContent] done.
test10.cgi: [2017-04-23 04:03:16.036 Debug] #764: [webUtils.finalization] done.
test10.cgi: [2017-04-23 04:17:34.127 Debug] #758: [webUtils.initialization] done.
test10.cgi: [2017-04-23 04:17:34.129 Debug] #183: [main.writeContent] done.
test10.cgi: [2017-04-23 04:17:34.129 Debug] #764: [webUtils.finalization] done.
test10.cgi: [2017-04-23 04:17:41.067 Debug] #758: [webUtils.initialization] done.
test10.cgi: [2017-04-23 04:17:41.067 Debug] #60: @saveWebData saved = {1F9ACD4C-AD3D-48F9-ABD9-1CBA050B9DB6}:input_1=dkfjshd&input_2=3242&input_3=true&input_4=djfsakd+kldjfldsa+jfldas&input_5=clicked&last=42848.1687561921|{68D43B3B-DC06-447B-A53D-E4C6B7E8F13B}:input_1=dfsd&input_2=2341&input_3=true&input_4=kldjfasdl%3Bfds&input_5=clicked&last=42848.1789475347|
test10.cgi: [2017-04-23 04:17:41.068 Debug] #183: [main.writeContent] done.
test10.cgi: [2017-04-23 04:17:41.068 Debug] #764: [webUtils.finalization] done.
test10.cgi: [2017-04-23 04:17:47.424 Debug] #758: [webUtils.initialization] done.
test10.cgi: [2017-04-23 04:17:47.426 Debug] #183: [main.writeContent] done.
test10.cgi: [2017-04-23 04:17:47.426 Debug] #764: [webUtils.finalization] done.
